[0.443s] [01m[K/home/common/colcon_ws/src/ros2_tms/tms_rc/tms_rc_smartpal/smartpal_control/src/smartpal5_control.cpp:15:10:[m[K [01;31m[Kfatal error: [m[Ktms_msg_db/msg/tmsdb_stamped.hpp: No such file or directory
[0.443s]  #include [01;31m[K<tms_msg_db/msg/tmsdb_stamped.hpp>[m[K
[0.443s]           [01;31m[K^~~~~~~~~~~~~~~~~~~~~~~~~~~~~~~~~~[m[K
[0.443s] compilation terminated.
[0.449s] make[2]: *** [CMakeFiles/smartpal5_control.dir/src/smartpal5_control.cpp.o] Error 1
[0.449s] make[1]: *** [CMakeFiles/smartpal5_control.dir/all] Error 2
[0.449s] make: *** [all] Error 2
