[0.012s] Invoking command in '/home/common/colcon_ws/build/tms_rc_smartpal_control': /usr/bin/cmake --build /home/common/colcon_ws/build/tms_rc_smartpal_control -- -j8 -l8
[0.068s] [  7%] [32mBuilding CXX object CMakeFiles/smartpal5_control.dir/src/smartpal5_control.cpp.o[0m
[0.443s] [01m[K/home/common/colcon_ws/src/ros2_tms/tms_rc/tms_rc_smartpal/smartpal_control/src/smartpal5_control.cpp:15:10:[m[K [01;31m[Kfatal error: [m[Ktms_msg_db/msg/tmsdb_stamped.hpp: No such file or directory
[0.443s]  #include [01;31m[K<tms_msg_db/msg/tmsdb_stamped.hpp>[m[K
[0.443s]           [01;31m[K^~~~~~~~~~~~~~~~~~~~~~~~~~~~~~~~~~[m[K
[0.443s] compilation terminated.
[0.448s] CMakeFiles/smartpal5_control.dir/build.make:62: recipe for target 'CMakeFiles/smartpal5_control.dir/src/smartpal5_control.cpp.o' failed
[0.449s] make[2]: *** [CMakeFiles/smartpal5_control.dir/src/smartpal5_control.cpp.o] Error 1
[0.449s] make[1]: *** [CMakeFiles/smartpal5_control.dir/all] Error 2
[0.449s] CMakeFiles/Makefile2:67: recipe for target 'CMakeFiles/smartpal5_control.dir/all' failed
[0.449s] Makefile:140: recipe for target 'all' failed
[0.449s] make: *** [all] Error 2
[0.452s] Invoked command in '/home/common/colcon_ws/build/tms_rc_smartpal_control' returned '2': /usr/bin/cmake --build /home/common/colcon_ws/build/tms_rc_smartpal_control -- -j8 -l8
