[1.449s] [35m[1mScanning dependencies of target smartpal5_control[0m
[1.507s] [  7%] [32mBuilding CXX object CMakeFiles/smartpal5_control.dir/src/smartpal5_control.cpp.o[0m
[3.501s] [01m[K/home/common/colcon_ws/src/ros_tms/tms_rc/tms_rc_smartpal/smartpal_control/src/smartpal5_control.cpp:[m[K In function â€˜[01m[Kvoid robotControl(std::shared_ptr<rmw_request_id_t>, std::shared_ptr<tms_msg_rc::srv::TurtlebotControl_Request_<std::allocator<void> > >, std::shared_ptr<tms_msg_rc::srv::TurtlebotControl_Response_<std::allocator<void> > >)[m[Kâ€™:
[3.501s] [01m[K/home/common/colcon_ws/src/ros_tms/tms_rc/tms_rc_smartpal/smartpal_control/src/smartpal5_control.cpp:809:28:[m[K [01;35m[Kwarning: [m[Kcomparison between signed and unsigned integer expressions [[01;35m[K-Wsign-compare[m[K]
[3.501s]              for (int t=0; [01;35m[Kt<trajectory.size()[m[K; t++)
[3.501s]                            [01;35m[K~^~~~~~~~~~~~~~~~~~[m[K
[3.501s] [01m[K/home/common/colcon_ws/src/ros_tms/tms_rc/tms_rc_smartpal/smartpal_control/src/smartpal5_control.cpp:822:28:[m[K [01;35m[Kwarning: [m[Kcomparison between signed and unsigned integer expressions [[01;35m[K-Wsign-compare[m[K]
[3.501s]              for (int t=0; [01;35m[Kt<trajectory.size()[m[K; t++)
[3.501s]                            [01;35m[K~^~~~~~~~~~~~~~~~~~[m[K
[3.520s] [01m[K/home/common/colcon_ws/src/ros_tms/tms_rc/tms_rc_smartpal/smartpal_control/src/smartpal5_control.cpp:[m[K In member function â€˜[01m[Kvoid SmartpalControl::timer_callback()[m[Kâ€™:
[3.520s] [01m[K/home/common/colcon_ws/src/ros_tms/tms_rc/tms_rc_smartpal/smartpal_control/src/smartpal5_control.cpp:1513:3:[m[K [01;31m[Kerror: [m[Kexpected â€˜[01m[K;[m[Kâ€™ before â€˜[01m[Krclcpp[m[Kâ€™
[3.520s]    [01;31m[Krclcpp[m[K::WallRate loop_rate(500ms);
[3.520s]    [01;31m[K^~~~~~[m[K
[3.566s] [01m[K/home/common/colcon_ws/src/ros_tms/tms_rc/tms_rc_smartpal/smartpal_control/src/smartpal5_control.cpp:[m[K In function â€˜[01m[Kint main(int, char**)[m[Kâ€™:
[3.566s] [01m[K/home/common/colcon_ws/src/ros_tms/tms_rc/tms_rc_smartpal/smartpal_control/src/smartpal5_control.cpp:1653:3:[m[K [01;31m[Kerror: [m[Kâ€˜[01m[Kloop_rate[m[Kâ€™ was not declared in this scope
[3.566s]    [01;31m[Kloop_rate[m[K.sleep();
[3.566s]    [01;31m[K^~~~~~~~~[m[K
[5.010s] make[2]: *** [CMakeFiles/smartpal5_control.dir/src/smartpal5_control.cpp.o] Error 1
[5.010s] CMakeFiles/smartpal5_control.dir/build.make:62: recipe for target 'CMakeFiles/smartpal5_control.dir/src/smartpal5_control.cpp.o' failed
[5.010s] make[1]: *** [CMakeFiles/smartpal5_control.dir/all] Error 2
[5.010s] CMakeFiles/Makefile2:67: recipe for target 'CMakeFiles/smartpal5_control.dir/all' failed
[5.011s] Makefile:140: recipe for target 'all' failed
[5.011s] make: *** [all] Error 2
