[0.063s] Invoking command in '/home/common/colcon_ws/build/tms_rc_smartpal_control': AMENT_PREFIX_PATH=/home/common/colcon_ws/install/moveit_msgs:/home/common/colcon_ws/install/tms_msg_rc:/home/common/colcon_ws/install/tms_msg_db:/home/common/colcon_ws/install/octomap_msgs:/home/common/colcon_ws/install/object_recognition_msgs:${AMENT_PREFIX_PATH} CMAKE_PREFIX_PATH=/home/common/colcon_ws/install/moveit_msgs:/home/common/colcon_ws/install/tms_msg_rc:/home/common/colcon_ws/install/tms_msg_db:/home/common/colcon_ws/install/octomap_msgs:/home/common/colcon_ws/install/object_recognition_msgs:/opt/ros/dashing:${CMAKE_PREFIX_PATH} LD_LIBRARY_PATH=/home/common/colcon_ws/install/moveit_msgs/lib:/home/common/colcon_ws/install/tms_msg_rc/lib:/home/common/colcon_ws/install/tms_msg_db/lib:/home/common/colcon_ws/install/octomap_msgs/lib:/home/common/colcon_ws/install/object_recognition_msgs/lib:${LD_LIBRARY_PATH} PYTHONPATH=/home/common/colcon_ws/install/moveit_msgs/lib/python3.6/site-packages:/home/common/colcon_ws/install/tms_msg_rc/lib/python3.6/site-packages:/home/common/colcon_ws/install/tms_msg_db/lib/python3.6/site-packages:/home/common/colcon_ws/install/octomap_msgs/lib/python3.6/site-packages:/home/common/colcon_ws/install/object_recognition_msgs/lib/python3.6/site-packages:${PYTHONPATH} /usr/bin/cmake --build /home/common/colcon_ws/build/tms_rc_smartpal_control -- -j8 -l8
[0.135s] [35m[1mScanning dependencies of target smartpal5_control[0m
[0.193s] [  7%] [32mBuilding CXX object CMakeFiles/smartpal5_control.dir/src/smartpal5_control.cpp.o[0m
[2.108s] [01m[K/home/common/colcon_ws/src/ros_tms/tms_rc/tms_rc_smartpal/smartpal_control/src/smartpal5_control.cpp:[m[K In function â€˜[01m[Kvoid robotControl(std::shared_ptr<rmw_request_id_t>, std::shared_ptr<tms_msg_rc::srv::TurtlebotControl_Request_<std::allocator<void> > >, std::shared_ptr<tms_msg_rc::srv::TurtlebotControl_Response_<std::allocator<void> > >)[m[Kâ€™:
[2.108s] [01m[K/home/common/colcon_ws/src/ros_tms/tms_rc/tms_rc_smartpal/smartpal_control/src/smartpal5_control.cpp:809:28:[m[K [01;35m[Kwarning: [m[Kcomparison between signed and unsigned integer expressions [[01;35m[K-Wsign-compare[m[K]
[2.108s]              for (int t=0; [01;35m[Kt<trajectory.size()[m[K; t++)
[2.108s]                            [01;35m[K~^~~~~~~~~~~~~~~~~~[m[K
[2.108s] [01m[K/home/common/colcon_ws/src/ros_tms/tms_rc/tms_rc_smartpal/smartpal_control/src/smartpal5_control.cpp:822:28:[m[K [01;35m[Kwarning: [m[Kcomparison between signed and unsigned integer expressions [[01;35m[K-Wsign-compare[m[K]
[2.108s]              for (int t=0; [01;35m[Kt<trajectory.size()[m[K; t++)
[2.108s]                            [01;35m[K~^~~~~~~~~~~~~~~~~~[m[K
[2.128s] [01m[K/home/common/colcon_ws/src/ros_tms/tms_rc/tms_rc_smartpal/smartpal_control/src/smartpal5_control.cpp:[m[K In member function â€˜[01m[Kvoid SmartpalControl::timer_callback()[m[Kâ€™:
[2.128s] [01m[K/home/common/colcon_ws/src/ros_tms/tms_rc/tms_rc_smartpal/smartpal_control/src/smartpal5_control.cpp:1513:3:[m[K [01;31m[Kerror: [m[Kexpected â€˜[01m[K;[m[Kâ€™ before â€˜[01m[Krclcpp[m[Kâ€™
[2.128s]    [01;31m[Krclcpp[m[K::WallRate loop_rate(500ms);
[2.128s]    [01;31m[K^~~~~~[m[K
[2.173s] [01m[K/home/common/colcon_ws/src/ros_tms/tms_rc/tms_rc_smartpal/smartpal_control/src/smartpal5_control.cpp:[m[K In function â€˜[01m[Kint main(int, char**)[m[Kâ€™:
[2.173s] [01m[K/home/common/colcon_ws/src/ros_tms/tms_rc/tms_rc_smartpal/smartpal_control/src/smartpal5_control.cpp:1653:3:[m[K [01;31m[Kerror: [m[Kâ€˜[01m[Kloop_rate[m[Kâ€™ was not declared in this scope
[2.173s]    [01;31m[Kloop_rate[m[K.sleep();
[2.173s]    [01;31m[K^~~~~~~~~[m[K
[3.561s] make[2]: *** [CMakeFiles/smartpal5_control.dir/src/smartpal5_control.cpp.o] Error 1
[3.561s] make[1]: *** [CMakeFiles/smartpal5_control.dir/all] Error 2
[3.561s] CMakeFiles/smartpal5_control.dir/build.make:62: recipe for target 'CMakeFiles/smartpal5_control.dir/src/smartpal5_control.cpp.o' failed
[3.561s] make: *** [all] Error 2
[3.561s] CMakeFiles/Makefile2:67: recipe for target 'CMakeFiles/smartpal5_control.dir/all' failed
[3.561s] Makefile:140: recipe for target 'all' failed
[3.562s] Invoked command in '/home/common/colcon_ws/build/tms_rc_smartpal_control' returned '2': AMENT_PREFIX_PATH=/home/common/colcon_ws/install/moveit_msgs:/home/common/colcon_ws/install/tms_msg_rc:/home/common/colcon_ws/install/tms_msg_db:/home/common/colcon_ws/install/octomap_msgs:/home/common/colcon_ws/install/object_recognition_msgs:${AMENT_PREFIX_PATH} CMAKE_PREFIX_PATH=/home/common/colcon_ws/install/moveit_msgs:/home/common/colcon_ws/install/tms_msg_rc:/home/common/colcon_ws/install/tms_msg_db:/home/common/colcon_ws/install/octomap_msgs:/home/common/colcon_ws/install/object_recognition_msgs:/opt/ros/dashing:${CMAKE_PREFIX_PATH} LD_LIBRARY_PATH=/home/common/colcon_ws/install/moveit_msgs/lib:/home/common/colcon_ws/install/tms_msg_rc/lib:/home/common/colcon_ws/install/tms_msg_db/lib:/home/common/colcon_ws/install/octomap_msgs/lib:/home/common/colcon_ws/install/object_recognition_msgs/lib:${LD_LIBRARY_PATH} PYTHONPATH=/home/common/colcon_ws/install/moveit_msgs/lib/python3.6/site-packages:/home/common/colcon_ws/install/tms_msg_rc/lib/python3.6/site-packages:/home/common/colcon_ws/install/tms_msg_db/lib/python3.6/site-packages:/home/common/colcon_ws/install/octomap_msgs/lib/python3.6/site-packages:/home/common/colcon_ws/install/object_recognition_msgs/lib/python3.6/site-packages:${PYTHONPATH} /usr/bin/cmake --build /home/common/colcon_ws/build/tms_rc_smartpal_control -- -j8 -l8
